<?xml version="1.0" encoding="UTF-8"?>
<!-- Generated by org.testng.reporters.JUnitXMLReporter -->
<testsuite ignored="0" hostname="DESKTOP-IDI82HQ" failures="3" tests="11" name="CRUDmethods" time="8.779" errors="0" timestamp="2022-02-22T12:56:10 CST">
  <testcase classname="jobs_API_Test_CRUDmethods.GETRequest" name="getAllJobs" time="2.242"/>
  <testcase classname="jobs_API_Test_CRUDmethods.GETRequest" name="Validate_GetAllJobs" time="0.072"/>
  <testcase classname="jobs_API_Test_CRUDmethods.GETRequest" name="JsonSchemaValidation" time="0.605"/>
  <testcase classname="jobs_API_Test_CRUDmethods.DELETErequest" name="JobsDeletereq" time="1.027"/>
  <testcase classname="jobs_API_Test_CRUDmethods.DELETErequest" name="JobsDeletereq" time="0.354"/>
  <testcase classname="jobs_API_Test_CRUDmethods.DELETErequest" name="JobsDeletereq" time="0.35">
    <failure type="java.lang.AssertionError" message="expected [200] but found [404]">
      <![CDATA[java.lang.AssertionError: expected [200] but found [404]
at jobs_API_Test_CRUDmethods.DELETErequest.JobsDeletereq(DELETErequest.java:43)
at java.base/java.util.ArrayList.forEach(ArrayList.java:1511)
... Removed 33 stack frames]]>
    </failure>
  </testcase> <!-- JobsDeletereq -->
  <testcase classname="jobs_API_Test_CRUDmethods.POSTRequest" name="JobsPOSTreq" time="1.297"/>
  <testcase classname="jobs_API_Test_CRUDmethods.POSTRequest" name="JobsPOSTreq" time="0.338">
    <failure type="java.lang.AssertionError" message="expected [404] but found [409]">
      <![CDATA[java.lang.AssertionError: expected [404] but found [409]
at jobs_API_Test_CRUDmethods.POSTRequest.JobsPOSTreq(POSTRequest.java:46)
at java.base/java.util.ArrayList.forEach(ArrayList.java:1511)
... Removed 33 stack frames]]>
    </failure>
  </testcase> <!-- JobsPOSTreq -->
  <testcase classname="jobs_API_Test_CRUDmethods.POSTRequest" name="JobsPOSTreq" time="0.832"/>
  <testcase classname="jobs_API_Test_CRUDmethods.PUTRequest" name="JobsPUTreq" time="0.675">
    <failure type="io.restassured.path.json.exception.JsonPathException" message="Failed to parse the JSON document">
      <![CDATA[io.restassured.path.json.exception.JsonPathException: Failed to parse the JSON document
at io.restassured.path.json.JsonPath$ExceptionCatcher.invoke(JsonPath.java:1002)
at io.restassured.path.json.JsonPath$4.doParseWith(JsonPath.java:967)
at io.restassured.path.json.JsonPath$JsonParser.parseWith(JsonPath.java:1047)
at io.restassured.path.json.JsonPath.get(JsonPath.java:202)
at jobs_API_Test_CRUDmethods.PUTRequest.JobsPUTreq(PUTRequest.java:55)
at java.base/java.util.ArrayList.forEach(ArrayList.java:1511)
Caused by: groovy.json.JsonException: Lexing failed on line: 1, column: 1, while reading '<', no possible valid JSON value or punctuation could be recognized.
at groovy.json.JsonLexer.nextToken(JsonLexer.java:86)
at groovy.json.JsonLexer$nextToken.call(Unknown Source)
at io.restassured.internal.path.json.ConfigurableJsonSlurper.parse(ConfigurableJsonSlurper.groovy:97)
at io.restassured.internal.path.json.ConfigurableJsonSlurper$parse.callCurrent(Unknown Source)
at io.restassured.internal.path.json.ConfigurableJsonSlurper.parseText(ConfigurableJsonSlurper.groovy:83)
at io.restassured.path.json.JsonPath$4$1.method(JsonPath.java:965)
at io.restassured.path.json.JsonPath$ExceptionCatcher.invoke(JsonPath.java:1000)
... 32 more
... Removed 27 stack frames]]>
    </failure>
  </testcase> <!-- JobsPUTreq -->
  <testcase classname="jobs_API_Test_CRUDmethods.PUTRequest" name="JobsPUTreq" time="0.332"/>
</testsuite> <!-- CRUDmethods -->
